<?xml version="1.0" encoding="UTF-8"?>
<testsuite xmlns:xsi="http://www.w3.org/2001/XMLSchema-instance" xsi:noNamespaceSchemaLocation="https://maven.apache.org/surefire/maven-surefire-plugin/xsd/surefire-test-report.xsd" name="ch.heigvd.poo.labo5.tests.ProgramTest" time="0.015" tests="5" errors="0" skipped="0" failures="0">
  <properties>
    <property name="java.specification.version" value="18"/>
    <property name="sun.cpu.isalist" value="amd64"/>
    <property name="sun.jnu.encoding" value="Cp1252"/>
    <property name="java.class.path" value="C:\Users\timot\Documents\HEIG\POO\Labos\HEIG_POO_Labo5\Labo5\target\test-classes;C:\Users\timot\Documents\HEIG\POO\Labos\HEIG_POO_Labo5\Labo5\target\classes;C:\Users\timot\.m2\repository\javax\xml\bind\jaxb-api\2.3.1\jaxb-api-2.3.1.jar;C:\Users\timot\.m2\repository\com\sun\xml\bind\jaxb-core\2.3.0.1\jaxb-core-2.3.0.1.jar;C:\Users\timot\.m2\repository\com\sun\xml\bind\jaxb-impl\2.3.0.1\jaxb-impl-2.3.0.1.jar;C:\Users\timot\.m2\repository\javax\activation\javax.activation-api\1.2.0\javax.activation-api-1.2.0.jar;C:\Users\timot\.m2\repository\org\glassfish\jersey\core\jersey-client\2.15\jersey-client-2.15.jar;C:\Users\timot\.m2\repository\org\glassfish\jersey\core\jersey-common\2.15\jersey-common-2.15.jar;C:\Users\timot\.m2\repository\javax\annotation\javax.annotation-api\1.2\javax.annotation-api-1.2.jar;C:\Users\timot\.m2\repository\org\glassfish\jersey\bundles\repackaged\jersey-guava\2.15\jersey-guava-2.15.jar;C:\Users\timot\.m2\repository\org\glassfish\hk2\osgi-resource-locator\1.0.1\osgi-resource-locator-1.0.1.jar;C:\Users\timot\.m2\repository\javax\ws\rs\javax.ws.rs-api\2.0.1\javax.ws.rs-api-2.0.1.jar;C:\Users\timot\.m2\repository\org\glassfish\hk2\hk2-api\2.4.0-b06\hk2-api-2.4.0-b06.jar;C:\Users\timot\.m2\repository\org\glassfish\hk2\hk2-utils\2.4.0-b06\hk2-utils-2.4.0-b06.jar;C:\Users\timot\.m2\repository\org\glassfish\hk2\external\aopalliance-repackaged\2.4.0-b06\aopalliance-repackaged-2.4.0-b06.jar;C:\Users\timot\.m2\repository\org\glassfish\hk2\external\javax.inject\2.4.0-b06\javax.inject-2.4.0-b06.jar;C:\Users\timot\.m2\repository\org\glassfish\hk2\hk2-locator\2.4.0-b06\hk2-locator-2.4.0-b06.jar;C:\Users\timot\.m2\repository\org\javassist\javassist\3.18.1-GA\javassist-3.18.1-GA.jar;C:\Users\timot\.m2\repository\org\glassfish\jersey\media\jersey-media-json-jackson\2.14\jersey-media-json-jackson-2.14.jar;C:\Users\timot\.m2\repository\com\fasterxml\jackson\jaxrs\jackson-jaxrs-base\2.3.2\jackson-jaxrs-base-2.3.2.jar;C:\Users\timot\.m2\repository\com\fasterxml\jackson\core\jackson-core\2.3.2\jackson-core-2.3.2.jar;C:\Users\timot\.m2\repository\com\fasterxml\jackson\core\jackson-databind\2.3.2\jackson-databind-2.3.2.jar;C:\Users\timot\.m2\repository\com\fasterxml\jackson\jaxrs\jackson-jaxrs-json-provider\2.3.2\jackson-jaxrs-json-provider-2.3.2.jar;C:\Users\timot\.m2\repository\com\fasterxml\jackson\module\jackson-module-jaxb-annotations\2.3.2\jackson-module-jaxb-annotations-2.3.2.jar;C:\Users\timot\.m2\repository\com\fasterxml\jackson\core\jackson-annotations\2.3.2\jackson-annotations-2.3.2.jar;C:\Users\timot\.m2\repository\commons-io\commons-io\2.4\commons-io-2.4.jar;C:\Users\timot\.m2\repository\org\projectlombok\lombok\1.18.24\lombok-1.18.24.jar;C:\Users\timot\.m2\repository\org\junit\jupiter\junit-jupiter-api\5.4.0\junit-jupiter-api-5.4.0.jar;C:\Users\timot\.m2\repository\org\apiguardian\apiguardian-api\1.0.0\apiguardian-api-1.0.0.jar;C:\Users\timot\.m2\repository\org\opentest4j\opentest4j\1.1.1\opentest4j-1.1.1.jar;C:\Users\timot\.m2\repository\org\junit\platform\junit-platform-commons\1.4.0\junit-platform-commons-1.4.0.jar;C:\Users\timot\.m2\repository\org\junit\jupiter\junit-jupiter-engine\5.4.0\junit-jupiter-engine-5.4.0.jar;C:\Users\timot\.m2\repository\org\junit\platform\junit-platform-engine\1.4.0\junit-platform-engine-1.4.0.jar;"/>
    <property name="java.vm.vendor" value="Eclipse Adoptium"/>
    <property name="sun.arch.data.model" value="64"/>
    <property name="user.variant" value=""/>
    <property name="java.vendor.url" value="https://adoptium.net/"/>
    <property name="user.timezone" value="Europe/Zurich"/>
    <property name="user.country.format" value="CH"/>
    <property name="os.name" value="Windows 11"/>
    <property name="java.vm.specification.version" value="18"/>
    <property name="sun.java.launcher" value="SUN_STANDARD"/>
    <property name="user.country" value="US"/>
    <property name="sun.boot.library.path" value="C:\Users\timot\.jdks\temurin-18.0.2.1\bin"/>
    <property name="sun.java.command" value="C:\Users\timot\AppData\Local\Temp\surefire12982366730066436950\surefirebooter15719609548650094179.jar C:\Users\timot\AppData\Local\Temp\surefire12982366730066436950 2022-11-08T00-20-55_414-jvmRun1 surefire4689728661140049033tmp surefire_015277200473670584391tmp"/>
    <property name="jdk.debug" value="release"/>
    <property name="surefire.test.class.path" value="C:\Users\timot\Documents\HEIG\POO\Labos\HEIG_POO_Labo5\Labo5\target\test-classes;C:\Users\timot\Documents\HEIG\POO\Labos\HEIG_POO_Labo5\Labo5\target\classes;C:\Users\timot\.m2\repository\javax\xml\bind\jaxb-api\2.3.1\jaxb-api-2.3.1.jar;C:\Users\timot\.m2\repository\com\sun\xml\bind\jaxb-core\2.3.0.1\jaxb-core-2.3.0.1.jar;C:\Users\timot\.m2\repository\com\sun\xml\bind\jaxb-impl\2.3.0.1\jaxb-impl-2.3.0.1.jar;C:\Users\timot\.m2\repository\javax\activation\javax.activation-api\1.2.0\javax.activation-api-1.2.0.jar;C:\Users\timot\.m2\repository\org\glassfish\jersey\core\jersey-client\2.15\jersey-client-2.15.jar;C:\Users\timot\.m2\repository\org\glassfish\jersey\core\jersey-common\2.15\jersey-common-2.15.jar;C:\Users\timot\.m2\repository\javax\annotation\javax.annotation-api\1.2\javax.annotation-api-1.2.jar;C:\Users\timot\.m2\repository\org\glassfish\jersey\bundles\repackaged\jersey-guava\2.15\jersey-guava-2.15.jar;C:\Users\timot\.m2\repository\org\glassfish\hk2\osgi-resource-locator\1.0.1\osgi-resource-locator-1.0.1.jar;C:\Users\timot\.m2\repository\javax\ws\rs\javax.ws.rs-api\2.0.1\javax.ws.rs-api-2.0.1.jar;C:\Users\timot\.m2\repository\org\glassfish\hk2\hk2-api\2.4.0-b06\hk2-api-2.4.0-b06.jar;C:\Users\timot\.m2\repository\org\glassfish\hk2\hk2-utils\2.4.0-b06\hk2-utils-2.4.0-b06.jar;C:\Users\timot\.m2\repository\org\glassfish\hk2\external\aopalliance-repackaged\2.4.0-b06\aopalliance-repackaged-2.4.0-b06.jar;C:\Users\timot\.m2\repository\org\glassfish\hk2\external\javax.inject\2.4.0-b06\javax.inject-2.4.0-b06.jar;C:\Users\timot\.m2\repository\org\glassfish\hk2\hk2-locator\2.4.0-b06\hk2-locator-2.4.0-b06.jar;C:\Users\timot\.m2\repository\org\javassist\javassist\3.18.1-GA\javassist-3.18.1-GA.jar;C:\Users\timot\.m2\repository\org\glassfish\jersey\media\jersey-media-json-jackson\2.14\jersey-media-json-jackson-2.14.jar;C:\Users\timot\.m2\repository\com\fasterxml\jackson\jaxrs\jackson-jaxrs-base\2.3.2\jackson-jaxrs-base-2.3.2.jar;C:\Users\timot\.m2\repository\com\fasterxml\jackson\core\jackson-core\2.3.2\jackson-core-2.3.2.jar;C:\Users\timot\.m2\repository\com\fasterxml\jackson\core\jackson-databind\2.3.2\jackson-databind-2.3.2.jar;C:\Users\timot\.m2\repository\com\fasterxml\jackson\jaxrs\jackson-jaxrs-json-provider\2.3.2\jackson-jaxrs-json-provider-2.3.2.jar;C:\Users\timot\.m2\repository\com\fasterxml\jackson\module\jackson-module-jaxb-annotations\2.3.2\jackson-module-jaxb-annotations-2.3.2.jar;C:\Users\timot\.m2\repository\com\fasterxml\jackson\core\jackson-annotations\2.3.2\jackson-annotations-2.3.2.jar;C:\Users\timot\.m2\repository\commons-io\commons-io\2.4\commons-io-2.4.jar;C:\Users\timot\.m2\repository\org\projectlombok\lombok\1.18.24\lombok-1.18.24.jar;C:\Users\timot\.m2\repository\org\junit\jupiter\junit-jupiter-api\5.4.0\junit-jupiter-api-5.4.0.jar;C:\Users\timot\.m2\repository\org\apiguardian\apiguardian-api\1.0.0\apiguardian-api-1.0.0.jar;C:\Users\timot\.m2\repository\org\opentest4j\opentest4j\1.1.1\opentest4j-1.1.1.jar;C:\Users\timot\.m2\repository\org\junit\platform\junit-platform-commons\1.4.0\junit-platform-commons-1.4.0.jar;C:\Users\timot\.m2\repository\org\junit\jupiter\junit-jupiter-engine\5.4.0\junit-jupiter-engine-5.4.0.jar;C:\Users\timot\.m2\repository\org\junit\platform\junit-platform-engine\1.4.0\junit-platform-engine-1.4.0.jar;"/>
    <property name="sun.cpu.endian" value="little"/>
    <property name="user.home" value="C:\Users\timot"/>
    <property name="user.language" value="en"/>
    <property name="java.specification.vendor" value="Oracle Corporation"/>
    <property name="java.version.date" value="2022-08-18"/>
    <property name="java.home" value="C:\Users\timot\.jdks\temurin-18.0.2.1"/>
    <property name="file.separator" value="\"/>
    <property name="basedir" value="C:\Users\timot\Documents\HEIG\POO\Labos\HEIG_POO_Labo5\Labo5"/>
    <property name="java.vm.compressedOopsMode" value="Zero based"/>
    <property name="line.separator" value="&#10;"/>
    <property name="java.vm.specification.vendor" value="Oracle Corporation"/>
    <property name="java.specification.name" value="Java Platform API Specification"/>
    <property name="surefire.real.class.path" value="C:\Users\timot\AppData\Local\Temp\surefire12982366730066436950\surefirebooter15719609548650094179.jar"/>
    <property name="user.script" value=""/>
    <property name="sun.management.compiler" value="HotSpot 64-Bit Tiered Compilers"/>
    <property name="java.runtime.version" value="18.0.2.1+1"/>
    <property name="user.name" value="ROG"/>
    <property name="path.separator" value=";"/>
    <property name="os.version" value="10.0"/>
    <property name="java.runtime.name" value="OpenJDK Runtime Environment"/>
    <property name="file.encoding" value="UTF-8"/>
    <property name="java.vm.name" value="OpenJDK 64-Bit Server VM"/>
    <property name="java.vendor.version" value="Temurin-18.0.2.1+1"/>
    <property name="localRepository" value="C:\Users\timot\.m2\repository"/>
    <property name="java.vendor.url.bug" value="https://github.com/adoptium/adoptium-support/issues"/>
    <property name="java.io.tmpdir" value="C:\Users\timot\AppData\Local\Temp\"/>
    <property name="idea.version" value="2022.2.3"/>
    <property name="java.version" value="18.0.2.1"/>
    <property name="user.dir" value="C:\Users\timot\Documents\HEIG\POO\Labos\HEIG_POO_Labo5\Labo5"/>
    <property name="os.arch" value="amd64"/>
    <property name="java.vm.specification.name" value="Java Virtual Machine Specification"/>
    <property name="sun.os.patch.level" value=""/>
    <property name="native.encoding" value="Cp1252"/>
    <property name="java.library.path" value="C:\Users\timot\.jdks\temurin-18.0.2.1\bin;C:\WINDOWS\Sun\Java\bin;C:\WINDOWS\system32;C:\WINDOWS;C:\Program Files\Eclipse Adoptium\jdk-17.0.5.8-hotspot\bin;C:\WINDOWS\system32;C:\WINDOWS;C:\WINDOWS\System32\Wbem;C:\WINDOWS\System32\WindowsPowerShell\v1.0\;C:\WINDOWS\System32\OpenSSH\;C:\Program Files\PuTTY\;C:\Program Files\mingw64\bin;C:\Program Files (x86)\NVIDIA Corporation\PhysX\Common;C:\WINDOWS\system32;C:\WINDOWS;C:\WINDOWS\System32\Wbem;C:\WINDOWS\System32\WindowsPowerShell\v1.0\;C:\WINDOWS\System32\OpenSSH\;C:\Program Files\Git\cmd;C:\Users\timot\AppData\Local\Microsoft\WindowsApps;C:\Users\timot\AppData\Local\gitkraken\bin;C:\Program Files\JetBrains\CLion 2022.2.2\bin;;C:\Users\timot\AppData\Local\Microsoft\WindowsApps;;C:\Program Files\JetBrains\IntelliJ IDEA 2022.2.3\bin;;C:\Program Files (x86)\Nmap;."/>
    <property name="java.vm.info" value="mixed mode, sharing"/>
    <property name="java.vendor" value="Eclipse Adoptium"/>
    <property name="java.vm.version" value="18.0.2.1+1"/>
    <property name="sun.io.unicode.encoding" value="UnicodeLittle"/>
    <property name="java.class.version" value="62.0"/>
  </properties>
  <testcase name="checkConstructionExceptions" classname="ch.heigvd.poo.labo5.tests.ProgramTest" time="0.01"/>
  <testcase name="emptyMatrixOperations" classname="ch.heigvd.poo.labo5.tests.ProgramTest" time="0"/>
  <testcase name="operationWithDifferentModulus" classname="ch.heigvd.poo.labo5.tests.ProgramTest" time="0"/>
  <testcase name="givenExampleTest" classname="ch.heigvd.poo.labo5.tests.ProgramTest" time="0.001"/>
  <testcase name="OperationWithEmptyMatrix" classname="ch.heigvd.poo.labo5.tests.ProgramTest" time="0"/>
</testsuite>